<?xml version="1.0" encoding="UTF-8"?>
<!-- Generated by org.testng.reporters.JUnitReportReporter -->
<testsuite hostname="LAPTOP-97K2A9I7" failures="0" tests="1" name="TestNG.Testng1" time="0.011" errors="0" timestamp="2023-09-30T20:34:31 IST" skipped="0">
  <testcase classname="TestNG.Testng1" name="test1" time="0.011">
    <system-out>
      <![CDATA[hello]]>
    </system-out>
  </testcase> <!-- test1 -->
  <system-out>
    <![CDATA[hello]]>
  </system-out>
</testsuite> <!-- TestNG.Testng1 -->
